2020-09-15 13:28:51.888  INFO 11936 --- [main] c.z.cache.SpringbootZ1CacheApplication   : Starting SpringbootZ1CacheApplication on DESKTOP-U069E52 with PID 11936 (D:\myself\springboot-example\springboot-stu\springboot-z1-cache\target\classes started by zhangzongchang in D:\myself\springboot-example\springboot-stu)
2020-09-15 13:28:51.888  INFO 11936 --- [main] c.z.cache.SpringbootZ1CacheApplication   : The following profiles are active: dev
2020-09-15 13:28:55.278  INFO 11936 --- [main] o.s.b.w.embedded.tomcat.TomcatWebServer  : Tomcat initialized with port(s): 8080 (http)
2020-09-15 13:28:55.325  INFO 11936 --- [main] o.apache.catalina.core.StandardService   : Starting service [Tomcat]
2020-09-15 13:28:55.325  INFO 11936 --- [main] org.apache.catalina.core.StandardEngine  : Starting Servlet engine: [Apache Tomcat/9.0.37]
2020-09-15 13:28:55.544  INFO 11936 --- [main] o.a.c.c.C.[Tomcat].[localhost].[/]       : Initializing Spring embedded WebApplicationContext
2020-09-15 13:28:55.544  INFO 11936 --- [main] w.s.c.ServletWebServerApplicationContext : Root WebApplicationContext: initialization completed in 3562 ms
2020-09-15 13:28:56.325  INFO 11936 --- [main] o.s.s.concurrent.ThreadPoolTaskExecutor  : Initializing ExecutorService 'applicationTaskExecutor'
2020-09-15 13:28:56.762  INFO 11936 --- [main] o.s.b.w.embedded.tomcat.TomcatWebServer  : Tomcat started on port(s): 8080 (http) with context path ''
2020-09-15 13:28:56.762  INFO 11936 --- [main] c.z.cache.SpringbootZ1CacheApplication   : Started SpringbootZ1CacheApplication in 5.957 seconds (JVM running for 6.901)
2020-09-15 13:29:05.007  INFO 11936 --- [http-nio-8080-exec-2] o.a.c.c.C.[Tomcat].[localhost].[/]       : Initializing Spring DispatcherServlet 'dispatcherServlet'
2020-09-15 13:29:05.007  INFO 11936 --- [http-nio-8080-exec-2] o.s.web.servlet.DispatcherServlet        : Initializing Servlet 'dispatcherServlet'
2020-09-15 13:29:05.022  INFO 11936 --- [http-nio-8080-exec-2] o.s.web.servlet.DispatcherServlet        : Completed initialization in 15 ms
2020-09-15 13:30:43.863  INFO 11936 --- [http-nio-8080-exec-3] com.zaxxer.hikari.HikariDataSource       : HikariPool-1 - Starting...
2020-09-15 13:30:43.867  WARN 11936 --- [http-nio-8080-exec-3] com.zaxxer.hikari.util.DriverDataSource  : Registered driver with driverClassName=com.mysql.jdbc.Driver was not found, trying direct instantiation.
2020-09-15 13:30:44.230  INFO 11936 --- [http-nio-8080-exec-3] com.zaxxer.hikari.HikariDataSource       : HikariPool-1 - Start completed.
2020-09-15 13:30:44.251 DEBUG 11936 --- [http-nio-8080-exec-3] com.zzc.cache.mapper.UserMapper.getUser  : ==>  Preparing: select * from user where uid = ?
2020-09-15 13:30:44.294 DEBUG 11936 --- [http-nio-8080-exec-3] com.zzc.cache.mapper.UserMapper.getUser  : ==> Parameters: 1(Integer)
2020-09-15 13:30:44.364 DEBUG 11936 --- [http-nio-8080-exec-3] com.zzc.cache.mapper.UserMapper.getUser  : <==      Total: 1
2020-09-15 13:32:11.070  WARN 11936 --- [HikariPool-1 housekeeper] com.zaxxer.hikari.pool.HikariPool        : HikariPool-1 - Thread starvation or clock leap detected (housekeeper delta=52s140ms211µs37ns).
2020-09-15 13:34:48.966  WARN 11936 --- [HikariPool-1 housekeeper] com.zaxxer.hikari.pool.HikariPool        : HikariPool-1 - Thread starvation or clock leap detected (housekeeper delta=59s125ms90µs216ns).
